# JRE version: Java(TM) SE Runtime Environment (8.0_192-b12) (build 1.8.0_192-b12)
# Java VM: Java HotSpot(TM) 64-Bit Server VM (25.192-b12 mixed mode windows-amd64 compressed oops)
Heap:
 PSYoungGen      total 6656K, used 3489K [0x000000076b700000, 0x000000076be00000, 0x00000007c0000000)
  eden space 6144K, 48% used [0x000000076b700000,0x000000076b9e8680,0x000000076bd00000)
  from space 512K, 100% used [0x000000076bd80000,0x000000076be00000,0x000000076be00000)
  to   space 512K, 0% used [0x000000076bd00000,0x000000076bd00000,0x000000076bd80000)
 ParOldGen       total 5632K, used 944K [0x00000006c2400000, 0x00000006c2980000, 0x000000076b700000)
  object space 5632K, 16% used [0x00000006c2400000,0x00000006c24ec070,0x00000006c2980000)
 Metaspace       used 7185K, capacity 8148K, committed 8448K, reserved 1056768K
  class space    used 878K, capacity 912K, committed 1024K, reserved 1048576K
GC Heap History (8 events):
Event: 0.119 GC heap before
{Heap before GC invocations=1 (full 0):
 PSYoungGen      total 2048K, used 1532K [0x000000076b700000, 0x000000076b980000, 0x00000007c0000000)
  eden space 1536K, 99% used [0x000000076b700000,0x000000076b87f280,0x000000076b880000)
  from space 512K, 0% used [0x000000076b900000,0x000000076b900000,0x000000076b980000)
  to   space 512K, 0% used [0x000000076b880000,0x000000076b880000,0x000000076b900000)
 ParOldGen       total 5632K, used 0K [0x00000006c2400000, 0x00000006c2980000, 0x000000076b700000)
  object space 5632K, 0% used [0x00000006c2400000,0x00000006c2400000,0x00000006c2980000)
 Metaspace       used 3230K, capacity 4812K, committed 5120K, reserved 1056768K
  class space    used 375K, capacity 456K, committed 512K, reserved 1048576K
Event: 0.122 GC heap after
Heap after GC invocations=1 (full 0):
 PSYoungGen      total 2048K, used 512K [0x000000076b700000, 0x000000076bb00000, 0x00000007c0000000)
  eden space 1536K, 0% used [0x000000076b700000,0x000000076b700000,0x000000076b880000)
  from space 512K, 100% used [0x000000076b880000,0x000000076b900000,0x000000076b900000)
  to   space 512K, 0% used [0x000000076ba80000,0x000000076ba80000,0x000000076bb00000)
 ParOldGen       total 5632K, used 56K [0x00000006c2400000, 0x00000006c2980000, 0x000000076b700000)
  object space 5632K, 0% used [0x00000006c2400000,0x00000006c240e020,0x00000006c2980000)
 Metaspace       used 3230K, capacity 4812K, committed 5120K, reserved 1056768K
  class space    used 375K, capacity 456K, committed 512K, reserved 1048576K
}
Event: 0.180 GC heap before
{Heap before GC invocations=2 (full 0):
 PSYoungGen      total 2048K, used 2010K [0x000000076b700000, 0x000000076bb00000, 0x00000007c0000000)
  eden space 1536K, 97% used [0x000000076b700000,0x000000076b876810,0x000000076b880000)
  from space 512K, 100% used [0x000000076b880000,0x000000076b900000,0x000000076b900000)
  to   space 512K, 0% used [0x000000076ba80000,0x000000076ba80000,0x000000076bb00000)
 ParOldGen       total 5632K, used 56K [0x00000006c2400000, 0x00000006c2980000, 0x000000076b700000)
  object space 5632K, 0% used [0x00000006c2400000,0x00000006c240e020,0x00000006c2980000)
 Metaspace       used 3994K, capacity 5388K, committed 5760K, reserved 1056768K
  class space    used 475K, capacity 520K, committed 640K, reserved 1048576K
Event: 0.182 GC heap after
Heap after GC invocations=2 (full 0):
 PSYoungGen      total 3584K, used 480K [0x000000076b700000, 0x000000076bb00000, 0x00000007c0000000)
  eden space 3072K, 0% used [0x000000076b700000,0x000000076b700000,0x000000076ba00000)
  from space 512K, 93% used [0x000000076ba80000,0x000000076baf8020,0x000000076bb00000)
  to   space 512K, 0% used [0x000000076ba00000,0x000000076ba00000,0x000000076ba80000)
 ParOldGen       total 5632K, used 152K [0x00000006c2400000, 0x00000006c2980000, 0x000000076b700000)
  object space 5632K, 2% used [0x00000006c2400000,0x00000006c2426020,0x00000006c2980000)
 Metaspace       used 3994K, capacity 5388K, committed 5760K, reserved 1056768K
  class space    used 475K, capacity 520K, committed 640K, reserved 1048576K
}
Event: 0.241 GC heap before
{Heap before GC invocations=3 (full 0):
 PSYoungGen      total 3584K, used 3499K [0x000000076b700000, 0x000000076bb00000, 0x00000007c0000000)
  eden space 3072K, 98% used [0x000000076b700000,0x000000076b9f2fd8,0x000000076ba00000)
  from space 512K, 93% used [0x000000076ba80000,0x000000076baf8020,0x000000076bb00000)
  to   space 512K, 0% used [0x000000076ba00000,0x000000076ba00000,0x000000076ba80000)
 ParOldGen       total 5632K, used 152K [0x00000006c2400000, 0x00000006c2980000, 0x000000076b700000)
  object space 5632K, 2% used [0x00000006c2400000,0x00000006c2426020,0x00000006c2980000)
 Metaspace       used 4930K, capacity 6284K, committed 6656K, reserved 1056768K
  class space    used 607K, capacity 648K, committed 768K, reserved 1048576K
Event: 0.242 GC heap after
Heap after GC invocations=3 (full 0):
 PSYoungGen      total 3584K, used 511K [0x000000076b700000, 0x000000076be00000, 0x00000007c0000000)
  eden space 3072K, 0% used [0x000000076b700000,0x000000076b700000,0x000000076ba00000)
  from space 512K, 99% used [0x000000076ba00000,0x000000076ba7fc10,0x000000076ba80000)
  to   space 512K, 0% used [0x000000076bd80000,0x000000076bd80000,0x000000076be00000)
 ParOldGen       total 5632K, used 640K [0x00000006c2400000, 0x00000006c2980000, 0x000000076b700000)
  object space 5632K, 11% used [0x00000006c2400000,0x00000006c24a0040,0x00000006c2980000)
 Metaspace       used 4930K, capacity 6284K, committed 6656K, reserved 1056768K
  class space    used 607K, capacity 648K, committed 768K, reserved 1048576K
}
Event: 0.350 GC heap before
{Heap before GC invocations=4 (full 0):
 PSYoungGen      total 3584K, used 3583K [0x000000076b700000, 0x000000076be00000, 0x00000007c0000000)
  eden space 3072K, 100% used [0x000000076b700000,0x000000076ba00000,0x000000076ba00000)
  from space 512K, 99% used [0x000000076ba00000,0x000000076ba7fc10,0x000000076ba80000)
  to   space 512K, 0% used [0x000000076bd80000,0x000000076bd80000,0x000000076be00000)
 ParOldGen       total 5632K, used 640K [0x00000006c2400000, 0x00000006c2980000, 0x000000076b700000)
  object space 5632K, 11% used [0x00000006c2400000,0x00000006c24a0040,0x00000006c2980000)
 Metaspace       used 6032K, capacity 7276K, committed 7552K, reserved 1056768K
  class space    used 759K, capacity 808K, committed 896K, reserved 1048576K
Event: 0.352 GC heap after
Heap after GC invocations=4 (full 0):
 PSYoungGen      total 6656K, used 512K [0x000000076b700000, 0x000000076be00000, 0x00000007c0000000)
  eden space 6144K, 0% used [0x000000076b700000,0x000000076b700000,0x000000076bd00000)
  from space 512K, 100% used [0x000000076bd80000,0x000000076be00000,0x000000076be00000)
  to   space 512K, 0% used [0x000000076bd00000,0x000000076bd00000,0x000000076bd80000)
 ParOldGen       total 5632K, used 944K [0x00000006c2400000, 0x00000006c2980000, 0x000000076b700000)
  object space 5632K, 16% used [0x00000006c2400000,0x00000006c24ec070,0x00000006c2980000)
 Metaspace       used 6032K, capacity 7276K, committed 7552K, reserved 1056768K
  class space    used 759K, capacity 808K, committed 896K, reserved 1048576K
}

